<?xml version="1.0" encoding="UTF-8"?>
<!-- Generated by org.testng.reporters.JUnitXMLReporter -->
<testsuite ignored="0" hostname="MSI" failures="0" tests="10" name="T1" time="0.063" errors="0" timestamp="2022-08-31T20:29:12 IST">
  <testcase classname="Factories.WebTest" name="testServer" time="0.007"/>
  <testcase classname="Factories.WebTest" name="testServer" time="0.0"/>
  <testcase classname="Factories.WebTest" name="testServer" time="0.001"/>
  <testcase classname="Factories.WebTest" name="testServer" time="0.001"/>
  <testcase classname="Factories.WebTest" name="testServer" time="0.001"/>
  <testcase classname="Factories.WebTest" name="testServer" time="0.0"/>
  <testcase classname="Factories.WebTest" name="testServer" time="0.001"/>
  <testcase classname="Factories.WebTest" name="testServer" time="0.001"/>
  <testcase classname="Factories.WebTest" name="testServer" time="0.001"/>
  <testcase classname="Factories.WebTest" name="testServer" time="0.0"/>
</testsuite> <!-- T1 -->
