<?xml version="1.0" encoding="UTF-8"?>
<!-- Generated by org.testng.reporters.JUnitXMLReporter -->
<testsuite ignored="2" hostname="MSI" failures="0" tests="2" name="Test002" time="0.029" errors="0" timestamp="2022-09-02T04:15:25 IST">
  <testcase classname="testNGPract.TestNgRegularExp_SuperGroups" name="checkTitle" time="0.005"/>
  <testcase classname="testNGPract.TestNgRegularExp_SuperGroups" name="click_element" time="0.0"/>
  <testcase classname="testNGPract.TestNgRegularExp_SuperGroups" name="a_starting_point" time="0.0">
    <ignored/>
  </testcase> <!-- a_starting_point -->
  <testcase classname="testNGPract.TestNgRegularExp_SuperGroups" name="logout" time="0.0">
    <ignored/>
  </testcase> <!-- logout -->
</testsuite> <!-- Test002 -->
