<?xml version="1.0" encoding="UTF-8"?>
<!-- Generated by org.testng.reporters.JUnitXMLReporter -->
<testsuite ignored="0" hostname="MSI" failures="0" tests="4" name="dependantXMLsuit" time="0.036" errors="0" timestamp="2022-09-02T04:15:09 IST">
  <testcase classname="testNGPract.TestngGroupsDependentTestInXMLSuite" name="OpenBrowser" time="0.005"/>
  <testcase classname="testNGPract.TestngGroupsDependentTestInXMLSuite" name="LogIn" time="0.001"/>
  <testcase classname="testNGPract.TestngGroupsDependentTestInXMLSuite" name="ViewAcc" time="0.001"/>
  <testcase classname="testNGPract.TestngGroupsDependentTestInXMLSuite" name="CloseAccount" time="0.0"/>
</testsuite> <!-- dependantXMLsuit -->
